<?xml version="1.0" encoding="UTF-8"?>
<!-- Generated by org.testng.reporters.JUnitXMLReporter -->
<testsuite hostname="del1-lhp-n78157" ignored="0" name="Test" tests="1" failures="1" timestamp="2023-03-12T18:34:02 IST" time="0.441" errors="0">
  <testcase name="getPatient" time="0.409" classname="com.demo.session.apiframework.PatientTest">
    <failure type="java.lang.IllegalArgumentException" message="baseURI cannot be null">
      <![CDATA[java.lang.IllegalArgumentException: baseURI cannot be null
at org.codehaus.groovy.runtime.callsite.ConstructorSite$ConstructorSiteNoUnwrap.callConstructor(ConstructorSite.java:86)
at org.codehaus.groovy.runtime.callsite.CallSiteArray.defaultCallConstructor(CallSiteArray.java:57)
at org.codehaus.groovy.runtime.callsite.AbstractCallSite.callConstructor(AbstractCallSite.java:263)
at org.codehaus.groovy.runtime.callsite.AbstractCallSite.callConstructor(AbstractCallSite.java:277)
at io.restassured.internal.common.assertion.AssertParameter.notNull(AssertParameter.groovy:26)
at io.restassured.internal.common.assertion.AssertParameter$notNull.callStatic(Unknown Source)
at org.codehaus.groovy.runtime.callsite.CallSiteArray.defaultCallStatic(CallSiteArray.java:53)
at org.codehaus.groovy.runtime.callsite.AbstractCallSite.callStatic(AbstractCallSite.java:217)
at org.codehaus.groovy.runtime.callsite.AbstractCallSite.callStatic(AbstractCallSite.java:240)
at io.restassured.internal.RequestSpecificationImpl.<init>(RequestSpecificationImpl.groovy:134)
at io.restassured.RestAssured.createTestSpecification(RestAssured.java:1453)
at io.restassured.RestAssured.given(RestAssured.java:654)
at utility.Utility.getToken(Utility.java:34)
at utility.Utility.getRequestSpec(Utility.java:43)
at com.demo.session.apiframework.PatientTest.getPatient(PatientTest.java:21)
at java.util.ArrayList.forEach(ArrayList.java:1259)
... Removed 33 stack frames]]>
    </failure>
  </testcase> <!-- getPatient -->
</testsuite> <!-- Test -->
