<?xml version="1.0" encoding="UTF-8"?>
<testsuite xmlns:xsi="http://www.w3.org/2001/XMLSchema-instance" xsi:noNamespaceSchemaLocation="https://maven.apache.org/surefire/maven-surefire-plugin/xsd/surefire-test-report.xsd" name="com.demo.session.apiframework.EmployeeTest" time="1.116" tests="2" errors="0" skipped="0" failures="1">
  <properties>
[...]
</properties>
  <testcase name="getEmployeeWithId" classname="com.demo.session.apiframework.EmployeeTest" time="0.474">
    <failure message="baseURI cannot be null" type="java.lang.IllegalArgumentException">java.lang.IllegalArgumentException: baseURI cannot be null
	at com.demo.session.apiframework.EmployeeTest.getEmployeeWithId(EmployeeTest.java:23)
</failure>
    <system-err><![CDATA[SLF4J: Failed to load class "org.slf4j.impl.StaticLoggerBinder".
SLF4J: Defaulting to no-operation (NOP) logger implementation
SLF4J: See http://www.slf4j.org/codes.html#StaticLoggerBinder for further details.
]]></system-err>
  </testcase>
  <testcase name="postEmployee" classname="com.demo.session.apiframework.EmployeeTest" time="0"/>
</testsuite>